{"/Users/asakaran/Desktop/TicTacToe/src/app2.js": {"path":"/Users/asakaran/Desktop/TicTacToe/src/app2.js","all":false,"statementMap":{"0":{"start":{"line":1,"column":0},"end":{"line":1,"column":13}},"1":{"start":{"line":2,"column":0},"end":{"line":2,"column":26}},"2":{"start":{"line":3,"column":0},"end":{"line":3,"column":32}},"3":{"start":{"line":4,"column":0},"end":{"line":4,"column":49}},"4":{"start":{"line":5,"column":0},"end":{"line":5,"column":31}},"5":{"start":{"line":6,"column":0},"end":{"line":6,"column":25}},"6":{"start":{"line":7,"column":0},"end":{"line":7,"column":39}},"7":{"start":{"line":8,"column":0},"end":{"line":8,"column":30}},"8":{"start":{"line":9,"column":0},"end":{"line":9,"column":95}},"9":{"start":{"line":10,"column":0},"end":{"line":10,"column":32}},"10":{"start":{"line":11,"column":0},"end":{"line":11,"column":95}},"11":{"start":{"line":12,"column":0},"end":{"line":12,"column":32}},"12":{"start":{"line":13,"column":0},"end":{"line":13,"column":95}},"13":{"start":{"line":14,"column":0},"end":{"line":14,"column":10}},"14":{"start":{"line":15,"column":0},"end":{"line":15,"column":45}},"15":{"start":{"line":16,"column":0},"end":{"line":16,"column":31}},"16":{"start":{"line":17,"column":0},"end":{"line":17,"column":29}},"17":{"start":{"line":18,"column":0},"end":{"line":18,"column":13}},"18":{"start":{"line":19,"column":0},"end":{"line":19,"column":49}},"19":{"start":{"line":20,"column":0},"end":{"line":20,"column":29}},"20":{"start":{"line":21,"column":0},"end":{"line":21,"column":13}},"21":{"start":{"line":22,"column":0},"end":{"line":22,"column":46}},"22":{"start":{"line":23,"column":0},"end":{"line":23,"column":29}},"23":{"start":{"line":24,"column":0},"end":{"line":24,"column":13}},"24":{"start":{"line":25,"column":0},"end":{"line":25,"column":24}},"25":{"start":{"line":26,"column":0},"end":{"line":26,"column":10}},"26":{"start":{"line":27,"column":0},"end":{"line":27,"column":37}},"27":{"start":{"line":28,"column":0},"end":{"line":28,"column":37}},"28":{"start":{"line":29,"column":0},"end":{"line":29,"column":42}},"29":{"start":{"line":30,"column":0},"end":{"line":30,"column":45}},"30":{"start":{"line":31,"column":0},"end":{"line":31,"column":40}},"31":{"start":{"line":32,"column":0},"end":{"line":32,"column":17}},"32":{"start":{"line":33,"column":0},"end":{"line":33,"column":13}},"33":{"start":{"line":34,"column":0},"end":{"line":34,"column":31}},"34":{"start":{"line":35,"column":0},"end":{"line":35,"column":43}},"35":{"start":{"line":36,"column":0},"end":{"line":36,"column":95}},"36":{"start":{"line":37,"column":0},"end":{"line":37,"column":60}},"37":{"start":{"line":38,"column":0},"end":{"line":38,"column":45}},"38":{"start":{"line":39,"column":0},"end":{"line":39,"column":146}},"39":{"start":{"line":40,"column":0},"end":{"line":40,"column":35}},"40":{"start":{"line":41,"column":0},"end":{"line":41,"column":78}},"41":{"start":{"line":42,"column":0},"end":{"line":42,"column":46}},"42":{"start":{"line":43,"column":0},"end":{"line":43,"column":28}},"43":{"start":{"line":44,"column":0},"end":{"line":44,"column":25}},"44":{"start":{"line":45,"column":0},"end":{"line":45,"column":56}},"45":{"start":{"line":46,"column":0},"end":{"line":46,"column":42}},"46":{"start":{"line":47,"column":0},"end":{"line":47,"column":17}},"47":{"start":{"line":48,"column":0},"end":{"line":48,"column":42}},"48":{"start":{"line":49,"column":0},"end":{"line":49,"column":61}},"49":{"start":{"line":50,"column":0},"end":{"line":50,"column":47}},"50":{"start":{"line":51,"column":0},"end":{"line":51,"column":17}},"51":{"start":{"line":52,"column":0},"end":{"line":52,"column":13}},"52":{"start":{"line":53,"column":0},"end":{"line":53,"column":41}},"53":{"start":{"line":54,"column":0},"end":{"line":54,"column":44}},"54":{"start":{"line":55,"column":0},"end":{"line":55,"column":14}},"55":{"start":{"line":56,"column":0},"end":{"line":56,"column":54}},"56":{"start":{"line":57,"column":0},"end":{"line":57,"column":43}},"57":{"start":{"line":58,"column":0},"end":{"line":58,"column":14}},"58":{"start":{"line":59,"column":0},"end":{"line":59,"column":44}},"59":{"start":{"line":60,"column":0},"end":{"line":60,"column":33}},"60":{"start":{"line":61,"column":0},"end":{"line":61,"column":14}},"61":{"start":{"line":62,"column":0},"end":{"line":62,"column":10}},"62":{"start":{"line":63,"column":0},"end":{"line":63,"column":47}},"63":{"start":{"line":64,"column":0},"end":{"line":64,"column":41}},"64":{"start":{"line":65,"column":0},"end":{"line":65,"column":49}},"65":{"start":{"line":66,"column":0},"end":{"line":66,"column":30}},"66":{"start":{"line":67,"column":0},"end":{"line":67,"column":31}},"67":{"start":{"line":68,"column":0},"end":{"line":68,"column":26}},"68":{"start":{"line":69,"column":0},"end":{"line":69,"column":70}},"69":{"start":{"line":70,"column":0},"end":{"line":70,"column":32}},"70":{"start":{"line":71,"column":0},"end":{"line":71,"column":52}},"71":{"start":{"line":72,"column":0},"end":{"line":72,"column":32}},"72":{"start":{"line":73,"column":0},"end":{"line":73,"column":13}},"73":{"start":{"line":74,"column":0},"end":{"line":74,"column":23}},"74":{"start":{"line":75,"column":0},"end":{"line":75,"column":55}},"75":{"start":{"line":76,"column":0},"end":{"line":76,"column":27}},"76":{"start":{"line":77,"column":0},"end":{"line":77,"column":43}},"77":{"start":{"line":78,"column":0},"end":{"line":78,"column":32}},"78":{"start":{"line":79,"column":0},"end":{"line":79,"column":13}},"79":{"start":{"line":80,"column":0},"end":{"line":80,"column":31}},"80":{"start":{"line":81,"column":0},"end":{"line":81,"column":57}},"81":{"start":{"line":82,"column":0},"end":{"line":82,"column":35}},"82":{"start":{"line":83,"column":0},"end":{"line":83,"column":37}},"83":{"start":{"line":84,"column":0},"end":{"line":84,"column":13}},"84":{"start":{"line":85,"column":0},"end":{"line":85,"column":44}},"85":{"start":{"line":86,"column":0},"end":{"line":86,"column":35}},"86":{"start":{"line":87,"column":0},"end":{"line":87,"column":37}},"87":{"start":{"line":88,"column":0},"end":{"line":88,"column":13}},"88":{"start":{"line":89,"column":0},"end":{"line":89,"column":27}},"89":{"start":{"line":90,"column":0},"end":{"line":90,"column":29}},"90":{"start":{"line":91,"column":0},"end":{"line":91,"column":10}},"91":{"start":{"line":92,"column":0},"end":{"line":92,"column":46}},"92":{"start":{"line":93,"column":0},"end":{"line":93,"column":120}},"93":{"start":{"line":94,"column":0},"end":{"line":94,"column":34}},"94":{"start":{"line":95,"column":0},"end":{"line":95,"column":10}},"95":{"start":{"line":96,"column":0},"end":{"line":96,"column":36}},"96":{"start":{"line":97,"column":0},"end":{"line":97,"column":44}},"97":{"start":{"line":98,"column":0},"end":{"line":98,"column":32}},"98":{"start":{"line":99,"column":0},"end":{"line":99,"column":62}},"99":{"start":{"line":100,"column":0},"end":{"line":100,"column":65}},"100":{"start":{"line":101,"column":0},"end":{"line":101,"column":81}},"101":{"start":{"line":102,"column":0},"end":{"line":102,"column":37}},"102":{"start":{"line":103,"column":0},"end":{"line":103,"column":78}},"103":{"start":{"line":104,"column":0},"end":{"line":104,"column":36}},"104":{"start":{"line":105,"column":0},"end":{"line":105,"column":51}},"105":{"start":{"line":106,"column":0},"end":{"line":106,"column":36}},"106":{"start":{"line":107,"column":0},"end":{"line":107,"column":16}},"107":{"start":{"line":108,"column":0},"end":{"line":108,"column":73}},"108":{"start":{"line":109,"column":0},"end":{"line":109,"column":29}},"109":{"start":{"line":110,"column":0},"end":{"line":110,"column":64}},"110":{"start":{"line":111,"column":0},"end":{"line":111,"column":31}},"111":{"start":{"line":112,"column":0},"end":{"line":112,"column":33}},"112":{"start":{"line":113,"column":0},"end":{"line":113,"column":31}},"113":{"start":{"line":114,"column":0},"end":{"line":114,"column":20}},"114":{"start":{"line":115,"column":0},"end":{"line":115,"column":73}},"115":{"start":{"line":116,"column":0},"end":{"line":116,"column":57}},"116":{"start":{"line":117,"column":0},"end":{"line":117,"column":56}},"117":{"start":{"line":118,"column":0},"end":{"line":118,"column":74}},"118":{"start":{"line":119,"column":0},"end":{"line":119,"column":38}},"119":{"start":{"line":120,"column":0},"end":{"line":120,"column":78}},"120":{"start":{"line":121,"column":0},"end":{"line":121,"column":49}},"121":{"start":{"line":122,"column":0},"end":{"line":122,"column":27}},"122":{"start":{"line":123,"column":0},"end":{"line":123,"column":75}},"123":{"start":{"line":124,"column":0},"end":{"line":124,"column":49}},"124":{"start":{"line":125,"column":0},"end":{"line":125,"column":20}},"125":{"start":{"line":126,"column":0},"end":{"line":126,"column":50}},"126":{"start":{"line":127,"column":0},"end":{"line":127,"column":52}},"127":{"start":{"line":128,"column":0},"end":{"line":128,"column":50}},"128":{"start":{"line":129,"column":0},"end":{"line":129,"column":36}},"129":{"start":{"line":130,"column":0},"end":{"line":130,"column":16}},"130":{"start":{"line":131,"column":0},"end":{"line":131,"column":93}},"131":{"start":{"line":132,"column":0},"end":{"line":132,"column":28}},"132":{"start":{"line":133,"column":0},"end":{"line":133,"column":34}},"133":{"start":{"line":134,"column":0},"end":{"line":134,"column":42}},"134":{"start":{"line":135,"column":0},"end":{"line":135,"column":58}},"135":{"start":{"line":136,"column":0},"end":{"line":136,"column":55}},"136":{"start":{"line":137,"column":0},"end":{"line":137,"column":54}},"137":{"start":{"line":138,"column":0},"end":{"line":138,"column":40}},"138":{"start":{"line":139,"column":0},"end":{"line":139,"column":24}},"139":{"start":{"line":140,"column":0},"end":{"line":140,"column":20}},"140":{"start":{"line":141,"column":0},"end":{"line":141,"column":23}},"141":{"start":{"line":142,"column":0},"end":{"line":142,"column":66}},"142":{"start":{"line":143,"column":0},"end":{"line":143,"column":41}},"143":{"start":{"line":144,"column":0},"end":{"line":144,"column":57}},"144":{"start":{"line":145,"column":0},"end":{"line":145,"column":55}},"145":{"start":{"line":146,"column":0},"end":{"line":146,"column":54}},"146":{"start":{"line":147,"column":0},"end":{"line":147,"column":40}},"147":{"start":{"line":148,"column":0},"end":{"line":148,"column":24}},"148":{"start":{"line":149,"column":0},"end":{"line":149,"column":20}},"149":{"start":{"line":150,"column":0},"end":{"line":150,"column":16}},"150":{"start":{"line":151,"column":0},"end":{"line":151,"column":32}},"151":{"start":{"line":152,"column":0},"end":{"line":152,"column":38}},"152":{"start":{"line":153,"column":0},"end":{"line":153,"column":12}},"153":{"start":{"line":154,"column":0},"end":{"line":154,"column":69}},"154":{"start":{"line":155,"column":0},"end":{"line":155,"column":35}},"155":{"start":{"line":156,"column":0},"end":{"line":156,"column":60}},"156":{"start":{"line":157,"column":0},"end":{"line":157,"column":29}},"157":{"start":{"line":158,"column":0},"end":{"line":158,"column":51}},"158":{"start":{"line":159,"column":0},"end":{"line":159,"column":55}},"159":{"start":{"line":160,"column":0},"end":{"line":160,"column":13}},"160":{"start":{"line":161,"column":0},"end":{"line":161,"column":42}},"161":{"start":{"line":162,"column":0},"end":{"line":162,"column":94}},"162":{"start":{"line":163,"column":0},"end":{"line":163,"column":38}},"163":{"start":{"line":164,"column":0},"end":{"line":164,"column":13}},"164":{"start":{"line":165,"column":0},"end":{"line":165,"column":107}},"165":{"start":{"line":166,"column":0},"end":{"line":166,"column":37}},"166":{"start":{"line":167,"column":0},"end":{"line":167,"column":13}},"167":{"start":{"line":168,"column":0},"end":{"line":168,"column":48}},"168":{"start":{"line":169,"column":0},"end":{"line":169,"column":36}},"169":{"start":{"line":170,"column":0},"end":{"line":170,"column":13}},"170":{"start":{"line":171,"column":0},"end":{"line":171,"column":27}},"171":{"start":{"line":172,"column":0},"end":{"line":172,"column":61}},"172":{"start":{"line":173,"column":0},"end":{"line":173,"column":28}},"173":{"start":{"line":174,"column":0},"end":{"line":174,"column":30}},"174":{"start":{"line":175,"column":0},"end":{"line":175,"column":29}},"175":{"start":{"line":176,"column":0},"end":{"line":176,"column":18}},"176":{"start":{"line":177,"column":0},"end":{"line":177,"column":47}},"177":{"start":{"line":178,"column":0},"end":{"line":178,"column":53}},"178":{"start":{"line":179,"column":0},"end":{"line":179,"column":57}},"179":{"start":{"line":180,"column":0},"end":{"line":180,"column":82}},"180":{"start":{"line":181,"column":0},"end":{"line":181,"column":42}},"181":{"start":{"line":182,"column":0},"end":{"line":182,"column":47}},"182":{"start":{"line":183,"column":0},"end":{"line":183,"column":50}},"183":{"start":{"line":184,"column":0},"end":{"line":184,"column":47}},"184":{"start":{"line":185,"column":0},"end":{"line":185,"column":33}},"185":{"start":{"line":186,"column":0},"end":{"line":186,"column":13}},"186":{"start":{"line":187,"column":0},"end":{"line":187,"column":25}},"187":{"start":{"line":188,"column":0},"end":{"line":188,"column":48}},"188":{"start":{"line":189,"column":0},"end":{"line":189,"column":39}},"189":{"start":{"line":190,"column":0},"end":{"line":190,"column":56}},"190":{"start":{"line":191,"column":0},"end":{"line":191,"column":53}},"191":{"start":{"line":192,"column":0},"end":{"line":192,"column":51}},"192":{"start":{"line":193,"column":0},"end":{"line":193,"column":37}},"193":{"start":{"line":194,"column":0},"end":{"line":194,"column":21}},"194":{"start":{"line":195,"column":0},"end":{"line":195,"column":17}},"195":{"start":{"line":196,"column":0},"end":{"line":196,"column":13}},"196":{"start":{"line":197,"column":0},"end":{"line":197,"column":18}},"197":{"start":{"line":198,"column":0},"end":{"line":198,"column":63}},"198":{"start":{"line":199,"column":0},"end":{"line":199,"column":38}},"199":{"start":{"line":200,"column":0},"end":{"line":200,"column":56}},"200":{"start":{"line":201,"column":0},"end":{"line":201,"column":53}},"201":{"start":{"line":202,"column":0},"end":{"line":202,"column":51}},"202":{"start":{"line":203,"column":0},"end":{"line":203,"column":37}},"203":{"start":{"line":204,"column":0},"end":{"line":204,"column":21}},"204":{"start":{"line":205,"column":0},"end":{"line":205,"column":17}},"205":{"start":{"line":206,"column":0},"end":{"line":206,"column":13}},"206":{"start":{"line":207,"column":0},"end":{"line":207,"column":29}},"207":{"start":{"line":208,"column":0},"end":{"line":208,"column":35}},"208":{"start":{"line":209,"column":0},"end":{"line":209,"column":10}},"209":{"start":{"line":210,"column":0},"end":{"line":210,"column":45}},"210":{"start":{"line":211,"column":0},"end":{"line":211,"column":44}},"211":{"start":{"line":212,"column":0},"end":{"line":212,"column":32}},"212":{"start":{"line":213,"column":0},"end":{"line":213,"column":22}},"213":{"start":{"line":214,"column":0},"end":{"line":214,"column":42}},"214":{"start":{"line":215,"column":0},"end":{"line":215,"column":44}},"215":{"start":{"line":216,"column":0},"end":{"line":216,"column":38}},"216":{"start":{"line":217,"column":0},"end":{"line":217,"column":24}},"217":{"start":{"line":218,"column":0},"end":{"line":218,"column":17}},"218":{"start":{"line":219,"column":0},"end":{"line":219,"column":13}},"219":{"start":{"line":220,"column":0},"end":{"line":220,"column":30}},"220":{"start":{"line":221,"column":0},"end":{"line":221,"column":10}},"221":{"start":{"line":222,"column":0},"end":{"line":222,"column":53}},"222":{"start":{"line":223,"column":0},"end":{"line":223,"column":96}},"223":{"start":{"line":224,"column":0},"end":{"line":224,"column":83}},"224":{"start":{"line":225,"column":0},"end":{"line":225,"column":83}},"225":{"start":{"line":226,"column":0},"end":{"line":226,"column":96}},"226":{"start":{"line":227,"column":0},"end":{"line":227,"column":83}},"227":{"start":{"line":228,"column":0},"end":{"line":228,"column":83}},"228":{"start":{"line":229,"column":0},"end":{"line":229,"column":97}},"229":{"start":{"line":230,"column":0},"end":{"line":230,"column":83}},"230":{"start":{"line":231,"column":0},"end":{"line":231,"column":30}},"231":{"start":{"line":232,"column":0},"end":{"line":232,"column":13}},"232":{"start":{"line":233,"column":0},"end":{"line":233,"column":18}},"233":{"start":{"line":234,"column":0},"end":{"line":234,"column":27}},"234":{"start":{"line":235,"column":0},"end":{"line":235,"column":13}},"235":{"start":{"line":236,"column":0},"end":{"line":236,"column":10}},"236":{"start":{"line":237,"column":0},"end":{"line":237,"column":42}},"237":{"start":{"line":238,"column":0},"end":{"line":238,"column":42}},"238":{"start":{"line":239,"column":0},"end":{"line":239,"column":38}},"239":{"start":{"line":240,"column":0},"end":{"line":240,"column":33}},"240":{"start":{"line":241,"column":0},"end":{"line":241,"column":17}},"241":{"start":{"line":242,"column":0},"end":{"line":242,"column":13}},"242":{"start":{"line":243,"column":0},"end":{"line":243,"column":24}},"243":{"start":{"line":244,"column":0},"end":{"line":244,"column":10}},"244":{"start":{"line":245,"column":0},"end":{"line":245,"column":22}},"245":{"start":{"line":246,"column":0},"end":{"line":246,"column":19}},"246":{"start":{"line":247,"column":0},"end":{"line":247,"column":19}},"247":{"start":{"line":248,"column":0},"end":{"line":248,"column":19}},"248":{"start":{"line":249,"column":0},"end":{"line":249,"column":19}},"249":{"start":{"line":250,"column":0},"end":{"line":250,"column":19}},"250":{"start":{"line":251,"column":0},"end":{"line":251,"column":19}},"251":{"start":{"line":252,"column":0},"end":{"line":252,"column":19}},"252":{"start":{"line":253,"column":0},"end":{"line":253,"column":19}},"253":{"start":{"line":254,"column":0},"end":{"line":254,"column":18}},"254":{"start":{"line":255,"column":0},"end":{"line":255,"column":10}},"255":{"start":{"line":256,"column":0},"end":{"line":256,"column":26}},"256":{"start":{"line":257,"column":0},"end":{"line":257,"column":28}},"257":{"start":{"line":258,"column":0},"end":{"line":258,"column":44}},"258":{"start":{"line":259,"column":0},"end":{"line":259,"column":49}},"259":{"start":{"line":260,"column":0},"end":{"line":260,"column":33}},"260":{"start":{"line":261,"column":0},"end":{"line":261,"column":34}},"261":{"start":{"line":262,"column":0},"end":{"line":262,"column":11}},"262":{"start":{"line":263,"column":0},"end":{"line":263,"column":31}},"263":{"start":{"line":264,"column":0},"end":{"line":264,"column":5}},"264":{"start":{"line":265,"column":0},"end":{"line":265,"column":58}},"265":{"start":{"line":266,"column":0},"end":{"line":266,"column":25}},"266":{"start":{"line":267,"column":0},"end":{"line":267,"column":41}},"267":{"start":{"line":268,"column":0},"end":{"line":268,"column":64}},"268":{"start":{"line":269,"column":0},"end":{"line":269,"column":31}},"269":{"start":{"line":270,"column":0},"end":{"line":270,"column":29}},"270":{"start":{"line":271,"column":0},"end":{"line":271,"column":10}},"271":{"start":{"line":272,"column":0},"end":{"line":272,"column":24}},"272":{"start":{"line":273,"column":0},"end":{"line":273,"column":6}},"273":{"start":{"line":274,"column":0},"end":{"line":274,"column":26}},"274":{"start":{"line":275,"column":0},"end":{"line":275,"column":5}},"275":{"start":{"line":276,"column":0},"end":{"line":276,"column":40}}},"s":{"0":1,"1":1,"2":1,"3":1,"4":1,"5":1,"6":1,"7":0,"8":0,"9":0,"10":0,"11":0,"12":0,"13":1,"14":1,"15":2,"16":0,"17":0,"18":2,"19":1,"20":1,"21":1,"22":0,"23":0,"24":1,"25":1,"26":1,"27":0,"28":0,"29":0,"30":0,"31":0,"32":0,"33":0,"34":0,"35":0,"36":0,"37":0,"38":0,"39":0,"40":0,"41":0,"42":0,"43":0,"44":0,"45":0,"46":0,"47":0,"48":0,"49":0,"50":0,"51":0,"52":0,"53":0,"54":0,"55":0,"56":0,"57":0,"58":0,"59":0,"60":0,"61":1,"62":1,"63":0,"64":0,"65":0,"66":0,"67":0,"68":0,"69":0,"70":0,"71":0,"72":0,"73":0,"74":0,"75":0,"76":0,"77":0,"78":0,"79":0,"80":0,"81":0,"82":0,"83":0,"84":0,"85":0,"86":0,"87":0,"88":0,"89":0,"90":1,"91":1,"92":1,"93":1,"94":1,"95":1,"96":1,"97":1,"98":1,"99":1,"100":1,"101":1,"102":1,"103":1,"104":1,"105":1,"106":1,"107":1,"108":1,"109":1,"110":1,"111":1,"112":1,"113":1,"114":1,"115":1,"116":1,"117":1,"118":1,"119":1,"120":1,"121":1,"122":1,"123":1,"124":1,"125":1,"126":1,"127":1,"128":1,"129":1,"130":1,"131":1,"132":1,"133":1,"134":1,"135":1,"136":1,"137":1,"138":1,"139":1,"140":1,"141":1,"142":1,"143":1,"144":1,"145":1,"146":1,"147":1,"148":1,"149":1,"150":1,"151":1,"152":1,"153":1,"154":1038,"155":1038,"156":1038,"157":6,"158":6,"159":6,"160":1038,"161":1038,"162":291,"163":291,"164":1038,"165":163,"166":163,"167":584,"168":46,"169":46,"170":538,"171":1038,"172":1032,"173":1032,"174":1032,"175":1032,"176":1032,"177":1032,"178":1032,"179":1032,"180":1032,"181":1032,"182":1032,"183":1032,"184":1032,"185":1032,"186":1038,"187":1038,"188":218,"189":218,"190":487,"191":313,"192":313,"193":313,"194":487,"195":218,"196":320,"197":320,"198":320,"199":320,"200":545,"201":393,"202":393,"203":393,"204":545,"205":320,"206":1038,"207":1038,"208":1,"209":1,"210":1,"211":1038,"212":1038,"213":1038,"214":10380,"215":1458,"216":1458,"217":1458,"218":10380,"219":1038,"220":1,"221":1,"222":1786,"223":1786,"224":1786,"225":1786,"226":1786,"227":1786,"228":1786,"229":1786,"230":455,"231":455,"232":1786,"233":1786,"234":1786,"235":1,"236":1,"237":586,"238":2996,"239":539,"240":539,"241":2996,"242":47,"243":1,"244":1,"245":1,"246":1,"247":1,"248":1,"249":1,"250":1,"251":1,"252":1,"253":1,"254":1,"255":1,"256":1,"257":1,"258":1,"259":1,"260":1,"261":1,"262":1,"263":1,"264":1,"265":0,"266":0,"267":0,"268":0,"269":0,"270":0,"271":0,"272":1,"273":1,"274":1,"275":1},"branchMap":{"0":{"type":"branch","line":1,"loc":{"start":{"line":1,"column":0},"end":{"line":276,"column":40}},"locations":[{"start":{"line":1,"column":0},"end":{"line":276,"column":40}}]},"1":{"type":"branch","line":1,"loc":{"start":{"line":1,"column":0},"end":{"line":276,"column":40}},"locations":[{"start":{"line":1,"column":0},"end":{"line":276,"column":40}}]},"2":{"type":"branch","line":4,"loc":{"start":{"line":4,"column":36},"end":{"line":275,"column":1}},"locations":[{"start":{"line":4,"column":36},"end":{"line":275,"column":1}}]},"3":{"type":"branch","line":5,"loc":{"start":{"line":5,"column":4},"end":{"line":264,"column":5}},"locations":[{"start":{"line":5,"column":4},"end":{"line":264,"column":5}}]},"4":{"type":"branch","line":15,"loc":{"start":{"line":15,"column":27},"end":{"line":26,"column":9}},"locations":[{"start":{"line":15,"column":27},"end":{"line":26,"column":9}}]},"5":{"type":"branch","line":16,"loc":{"start":{"line":16,"column":30},"end":{"line":18,"column":13}},"locations":[{"start":{"line":16,"column":30},"end":{"line":18,"column":13}}]},"6":{"type":"branch","line":19,"loc":{"start":{"line":19,"column":48},"end":{"line":26,"column":8}},"locations":[{"start":{"line":19,"column":48},"end":{"line":26,"column":8}}]},"7":{"type":"branch","line":22,"loc":{"start":{"line":22,"column":45},"end":{"line":24,"column":13}},"locations":[{"start":{"line":22,"column":45},"end":{"line":24,"column":13}}]},"8":{"type":"branch","line":92,"loc":{"start":{"line":92,"column":33},"end":{"line":95,"column":9}},"locations":[{"start":{"line":92,"column":33},"end":{"line":95,"column":9}}]},"9":{"type":"branch","line":154,"loc":{"start":{"line":154,"column":23},"end":{"line":209,"column":9}},"locations":[{"start":{"line":154,"column":23},"end":{"line":209,"column":9}}]},"10":{"type":"branch","line":157,"loc":{"start":{"line":157,"column":28},"end":{"line":160,"column":13}},"locations":[{"start":{"line":157,"column":28},"end":{"line":160,"column":13}}]},"11":{"type":"branch","line":162,"loc":{"start":{"line":162,"column":93},"end":{"line":164,"column":13}},"locations":[{"start":{"line":162,"column":93},"end":{"line":164,"column":13}}]},"12":{"type":"branch","line":165,"loc":{"start":{"line":165,"column":94},"end":{"line":167,"column":13}},"locations":[{"start":{"line":165,"column":94},"end":{"line":167,"column":13}}]},"13":{"type":"branch","line":168,"loc":{"start":{"line":168,"column":-1},"end":{"line":170,"column":13}},"locations":[{"start":{"line":168,"column":-1},"end":{"line":170,"column":13}}]},"14":{"type":"branch","line":168,"loc":{"start":{"line":168,"column":47},"end":{"line":170,"column":13}},"locations":[{"start":{"line":168,"column":47},"end":{"line":170,"column":13}}]},"15":{"type":"branch","line":171,"loc":{"start":{"line":171,"column":-1},"end":{"line":172,"column":60}},"locations":[{"start":{"line":171,"column":-1},"end":{"line":172,"column":60}}]},"16":{"type":"branch","line":172,"loc":{"start":{"line":172,"column":60},"end":{"line":186,"column":13}},"locations":[{"start":{"line":172,"column":60},"end":{"line":186,"column":13}}]},"17":{"type":"branch","line":188,"loc":{"start":{"line":188,"column":47},"end":{"line":196,"column":13}},"locations":[{"start":{"line":188,"column":47},"end":{"line":196,"column":13}}]},"18":{"type":"branch","line":190,"loc":{"start":{"line":190,"column":55},"end":{"line":195,"column":17}},"locations":[{"start":{"line":190,"column":55},"end":{"line":195,"column":17}}]},"19":{"type":"branch","line":191,"loc":{"start":{"line":191,"column":52},"end":{"line":194,"column":21}},"locations":[{"start":{"line":191,"column":52},"end":{"line":194,"column":21}}]},"20":{"type":"branch","line":197,"loc":{"start":{"line":197,"column":-1},"end":{"line":206,"column":13}},"locations":[{"start":{"line":197,"column":-1},"end":{"line":206,"column":13}}]},"21":{"type":"branch","line":200,"loc":{"start":{"line":200,"column":55},"end":{"line":205,"column":17}},"locations":[{"start":{"line":200,"column":55},"end":{"line":205,"column":17}}]},"22":{"type":"branch","line":201,"loc":{"start":{"line":201,"column":52},"end":{"line":204,"column":21}},"locations":[{"start":{"line":201,"column":52},"end":{"line":204,"column":21}}]},"23":{"type":"branch","line":211,"loc":{"start":{"line":211,"column":26},"end":{"line":221,"column":9}},"locations":[{"start":{"line":211,"column":26},"end":{"line":221,"column":9}}]},"24":{"type":"branch","line":214,"loc":{"start":{"line":214,"column":41},"end":{"line":219,"column":13}},"locations":[{"start":{"line":214,"column":41},"end":{"line":219,"column":13}}]},"25":{"type":"branch","line":215,"loc":{"start":{"line":215,"column":43},"end":{"line":218,"column":17}},"locations":[{"start":{"line":215,"column":43},"end":{"line":218,"column":17}}]},"26":{"type":"branch","line":222,"loc":{"start":{"line":222,"column":27},"end":{"line":236,"column":9}},"locations":[{"start":{"line":222,"column":27},"end":{"line":236,"column":9}}]},"27":{"type":"branch","line":223,"loc":{"start":{"line":223,"column":36},"end":{"line":223,"column":57}},"locations":[{"start":{"line":223,"column":36},"end":{"line":223,"column":57}}]},"28":{"type":"branch","line":223,"loc":{"start":{"line":223,"column":58},"end":{"line":223,"column":79}},"locations":[{"start":{"line":223,"column":58},"end":{"line":223,"column":79}}]},"29":{"type":"branch","line":223,"loc":{"start":{"line":223,"column":81},"end":{"line":224,"column":80}},"locations":[{"start":{"line":223,"column":81},"end":{"line":224,"column":80}}]},"30":{"type":"branch","line":224,"loc":{"start":{"line":224,"column":36},"end":{"line":224,"column":57}},"locations":[{"start":{"line":224,"column":36},"end":{"line":224,"column":57}}]},"31":{"type":"branch","line":224,"loc":{"start":{"line":224,"column":58},"end":{"line":224,"column":79}},"locations":[{"start":{"line":224,"column":58},"end":{"line":224,"column":79}}]},"32":{"type":"branch","line":224,"loc":{"start":{"line":224,"column":81},"end":{"line":225,"column":80}},"locations":[{"start":{"line":224,"column":81},"end":{"line":225,"column":80}}]},"33":{"type":"branch","line":225,"loc":{"start":{"line":225,"column":36},"end":{"line":225,"column":57}},"locations":[{"start":{"line":225,"column":36},"end":{"line":225,"column":57}}]},"34":{"type":"branch","line":225,"loc":{"start":{"line":225,"column":58},"end":{"line":225,"column":79}},"locations":[{"start":{"line":225,"column":58},"end":{"line":225,"column":79}}]},"35":{"type":"branch","line":225,"loc":{"start":{"line":225,"column":81},"end":{"line":226,"column":80}},"locations":[{"start":{"line":225,"column":81},"end":{"line":226,"column":80}}]},"36":{"type":"branch","line":226,"loc":{"start":{"line":226,"column":36},"end":{"line":226,"column":57}},"locations":[{"start":{"line":226,"column":36},"end":{"line":226,"column":57}}]},"37":{"type":"branch","line":226,"loc":{"start":{"line":226,"column":58},"end":{"line":226,"column":79}},"locations":[{"start":{"line":226,"column":58},"end":{"line":226,"column":79}}]},"38":{"type":"branch","line":226,"loc":{"start":{"line":226,"column":81},"end":{"line":227,"column":80}},"locations":[{"start":{"line":226,"column":81},"end":{"line":227,"column":80}}]},"39":{"type":"branch","line":227,"loc":{"start":{"line":227,"column":36},"end":{"line":227,"column":57}},"locations":[{"start":{"line":227,"column":36},"end":{"line":227,"column":57}}]},"40":{"type":"branch","line":227,"loc":{"start":{"line":227,"column":58},"end":{"line":227,"column":79}},"locations":[{"start":{"line":227,"column":58},"end":{"line":227,"column":79}}]},"41":{"type":"branch","line":227,"loc":{"start":{"line":227,"column":81},"end":{"line":228,"column":80}},"locations":[{"start":{"line":227,"column":81},"end":{"line":228,"column":80}}]},"42":{"type":"branch","line":228,"loc":{"start":{"line":228,"column":36},"end":{"line":228,"column":57}},"locations":[{"start":{"line":228,"column":36},"end":{"line":228,"column":57}}]},"43":{"type":"branch","line":228,"loc":{"start":{"line":228,"column":58},"end":{"line":228,"column":79}},"locations":[{"start":{"line":228,"column":58},"end":{"line":228,"column":79}}]},"44":{"type":"branch","line":228,"loc":{"start":{"line":228,"column":81},"end":{"line":229,"column":80}},"locations":[{"start":{"line":228,"column":81},"end":{"line":229,"column":80}}]},"45":{"type":"branch","line":229,"loc":{"start":{"line":229,"column":36},"end":{"line":229,"column":57}},"locations":[{"start":{"line":229,"column":36},"end":{"line":229,"column":57}}]},"46":{"type":"branch","line":229,"loc":{"start":{"line":229,"column":58},"end":{"line":229,"column":79}},"locations":[{"start":{"line":229,"column":58},"end":{"line":229,"column":79}}]},"47":{"type":"branch","line":229,"loc":{"start":{"line":229,"column":81},"end":{"line":230,"column":80}},"locations":[{"start":{"line":229,"column":81},"end":{"line":230,"column":80}}]},"48":{"type":"branch","line":230,"loc":{"start":{"line":230,"column":36},"end":{"line":230,"column":57}},"locations":[{"start":{"line":230,"column":36},"end":{"line":230,"column":57}}]},"49":{"type":"branch","line":230,"loc":{"start":{"line":230,"column":58},"end":{"line":230,"column":79}},"locations":[{"start":{"line":230,"column":58},"end":{"line":230,"column":79}}]},"50":{"type":"branch","line":230,"loc":{"start":{"line":230,"column":82},"end":{"line":232,"column":13}},"locations":[{"start":{"line":230,"column":82},"end":{"line":232,"column":13}}]},"51":{"type":"branch","line":237,"loc":{"start":{"line":237,"column":24},"end":{"line":244,"column":9}},"locations":[{"start":{"line":237,"column":24},"end":{"line":244,"column":9}}]},"52":{"type":"branch","line":238,"loc":{"start":{"line":238,"column":41},"end":{"line":242,"column":13}},"locations":[{"start":{"line":238,"column":41},"end":{"line":242,"column":13}}]},"53":{"type":"branch","line":239,"loc":{"start":{"line":239,"column":37},"end":{"line":241,"column":17}},"locations":[{"start":{"line":239,"column":37},"end":{"line":241,"column":17}}]},"54":{"type":"branch","line":243,"loc":{"start":{"line":243,"column":-1},"end":{"line":244,"column":8}},"locations":[{"start":{"line":243,"column":-1},"end":{"line":244,"column":8}}]}},"b":{"0":[1],"1":[1],"2":[1],"3":[1],"4":[2],"5":[0],"6":[1],"7":[0],"8":[1],"9":[1038],"10":[6],"11":[291],"12":[163],"13":[584],"14":[46],"15":[538],"16":[1032],"17":[218],"18":[487],"19":[313],"20":[320],"21":[545],"22":[393],"23":[1038],"24":[10380],"25":[1458],"26":[1786],"27":[744],"28":[245],"29":[1783],"30":[688],"31":[208],"32":[1741],"33":[994],"34":[355],"35":[1679],"36":[717],"37":[195],"38":[1677],"39":[699],"40":[201],"41":[1639],"42":[923],"43":[317],"44":[1582],"45":[687],"46":[364],"47":[1474],"48":[866],"49":[165],"50":[455],"51":[586],"52":[2996],"53":[539],"54":[47]},"fnMap":{"0":{"name":"Object.<anonymous>","decl":{"start":{"line":1,"column":0},"end":{"line":276,"column":40}},"loc":{"start":{"line":1,"column":0},"end":{"line":276,"column":40}},"line":1},"1":{"name":"TicTacToeClass","decl":{"start":{"line":5,"column":4},"end":{"line":264,"column":5}},"loc":{"start":{"line":5,"column":4},"end":{"line":264,"column":5}},"line":5},"2":{"name":"TicTacToeClass.printBoard","decl":{"start":{"line":7,"column":26},"end":{"line":14,"column":9}},"loc":{"start":{"line":7,"column":26},"end":{"line":14,"column":9}},"line":7},"3":{"name":"TicTacToeClass.verifyInput","decl":{"start":{"line":15,"column":27},"end":{"line":26,"column":9}},"loc":{"start":{"line":15,"column":27},"end":{"line":26,"column":9}},"line":15},"4":{"name":"TicTacToeClass.playGame","decl":{"start":{"line":27,"column":24},"end":{"line":62,"column":9}},"loc":{"start":{"line":27,"column":24},"end":{"line":62,"column":9}},"line":27},"5":{"name":"TicTacToeClass.gamePlayer","decl":{"start":{"line":63,"column":26},"end":{"line":91,"column":9}},"loc":{"start":{"line":63,"column":26},"end":{"line":91,"column":9}},"line":63},"6":{"name":"TicTacToeClass.calculateBestMove","decl":{"start":{"line":92,"column":33},"end":{"line":95,"column":9}},"loc":{"start":{"line":92,"column":33},"end":{"line":95,"column":9}},"line":92},"7":{"name":"TicTacToeClass.minimax","decl":{"start":{"line":154,"column":23},"end":{"line":209,"column":9}},"loc":{"start":{"line":154,"column":23},"end":{"line":209,"column":9}},"line":154},"8":{"name":"TicTacToeClass.emptySpots","decl":{"start":{"line":211,"column":26},"end":{"line":221,"column":9}},"loc":{"start":{"line":211,"column":26},"end":{"line":221,"column":9}},"line":211},"9":{"name":"TicTacToeClass.checkWinner","decl":{"start":{"line":222,"column":27},"end":{"line":236,"column":9}},"loc":{"start":{"line":222,"column":27},"end":{"line":236,"column":9}},"line":222},"10":{"name":"TicTacToeClass.checkTie","decl":{"start":{"line":237,"column":24},"end":{"line":244,"column":9}},"loc":{"start":{"line":237,"column":24},"end":{"line":244,"column":9}},"line":237},"11":{"name":"Object.<anonymous>.TicTacToeClass.playTicTacToe","decl":{"start":{"line":265,"column":45},"end":{"line":273,"column":5}},"loc":{"start":{"line":265,"column":45},"end":{"line":273,"column":5}},"line":265}},"f":{"0":1,"1":1,"2":0,"3":2,"4":0,"5":0,"6":1,"7":1038,"8":1038,"9":1786,"10":586,"11":0}}
}
