TN:
SF:src/app2.js
FN:1,Object.<anonymous>
FN:5,TicTacToeClass
FN:7,TicTacToeClass.printBoard
FN:15,TicTacToeClass.verifyInput
FN:27,TicTacToeClass.playGame
FN:63,TicTacToeClass.gamePlayer
FN:92,TicTacToeClass.calculateBestMove
FN:154,TicTacToeClass.minimax
FN:211,TicTacToeClass.emptySpots
FN:222,TicTacToeClass.checkWinner
FN:237,TicTacToeClass.checkTie
FN:265,Object.<anonymous>.TicTacToeClass.playTicTacToe
FNF:12
FNH:8
FNDA:1,Object.<anonymous>
FNDA:1,TicTacToeClass
FNDA:0,TicTacToeClass.printBoard
FNDA:2,TicTacToeClass.verifyInput
FNDA:0,TicTacToeClass.playGame
FNDA:0,TicTacToeClass.gamePlayer
FNDA:1,TicTacToeClass.calculateBestMove
FNDA:1038,TicTacToeClass.minimax
FNDA:1038,TicTacToeClass.emptySpots
FNDA:1786,TicTacToeClass.checkWinner
FNDA:586,TicTacToeClass.checkTie
FNDA:0,Object.<anonymous>.TicTacToeClass.playTicTacToe
DA:1,1
DA:2,1
DA:3,1
DA:4,1
DA:5,1
DA:6,1
DA:7,1
DA:8,0
DA:9,0
DA:10,0
DA:11,0
DA:12,0
DA:13,0
DA:14,1
DA:15,1
DA:16,2
DA:17,0
DA:18,0
DA:19,2
DA:20,1
DA:21,1
DA:22,1
DA:23,0
DA:24,0
DA:25,1
DA:26,1
DA:27,1
DA:28,0
DA:29,0
DA:30,0
DA:31,0
DA:32,0
DA:33,0
DA:34,0
DA:35,0
DA:36,0
DA:37,0
DA:38,0
DA:39,0
DA:40,0
DA:41,0
DA:42,0
DA:43,0
DA:44,0
DA:45,0
DA:46,0
DA:47,0
DA:48,0
DA:49,0
DA:50,0
DA:51,0
DA:52,0
DA:53,0
DA:54,0
DA:55,0
DA:56,0
DA:57,0
DA:58,0
DA:59,0
DA:60,0
DA:61,0
DA:62,1
DA:63,1
DA:64,0
DA:65,0
DA:66,0
DA:67,0
DA:68,0
DA:69,0
DA:70,0
DA:71,0
DA:72,0
DA:73,0
DA:74,0
DA:75,0
DA:76,0
DA:77,0
DA:78,0
DA:79,0
DA:80,0
DA:81,0
DA:82,0
DA:83,0
DA:84,0
DA:85,0
DA:86,0
DA:87,0
DA:88,0
DA:89,0
DA:90,0
DA:91,1
DA:92,1
DA:93,1
DA:94,1
DA:95,1
DA:96,1
DA:97,1
DA:98,1
DA:99,1
DA:100,1
DA:101,1
DA:102,1
DA:103,1
DA:104,1
DA:105,1
DA:106,1
DA:107,1
DA:108,1
DA:109,1
DA:110,1
DA:111,1
DA:112,1
DA:113,1
DA:114,1
DA:115,1
DA:116,1
DA:117,1
DA:118,1
DA:119,1
DA:120,1
DA:121,1
DA:122,1
DA:123,1
DA:124,1
DA:125,1
DA:126,1
DA:127,1
DA:128,1
DA:129,1
DA:130,1
DA:131,1
DA:132,1
DA:133,1
DA:134,1
DA:135,1
DA:136,1
DA:137,1
DA:138,1
DA:139,1
DA:140,1
DA:141,1
DA:142,1
DA:143,1
DA:144,1
DA:145,1
DA:146,1
DA:147,1
DA:148,1
DA:149,1
DA:150,1
DA:151,1
DA:152,1
DA:153,1
DA:154,1
DA:155,1038
DA:156,1038
DA:157,1038
DA:158,6
DA:159,6
DA:160,6
DA:161,1038
DA:162,1038
DA:163,291
DA:164,291
DA:165,1038
DA:166,163
DA:167,163
DA:168,584
DA:169,46
DA:170,46
DA:171,538
DA:172,1038
DA:173,1032
DA:174,1032
DA:175,1032
DA:176,1032
DA:177,1032
DA:178,1032
DA:179,1032
DA:180,1032
DA:181,1032
DA:182,1032
DA:183,1032
DA:184,1032
DA:185,1032
DA:186,1032
DA:187,1038
DA:188,1038
DA:189,218
DA:190,218
DA:191,487
DA:192,313
DA:193,313
DA:194,313
DA:195,487
DA:196,218
DA:197,320
DA:198,320
DA:199,320
DA:200,320
DA:201,545
DA:202,393
DA:203,393
DA:204,393
DA:205,545
DA:206,320
DA:207,1038
DA:208,1038
DA:209,1
DA:210,1
DA:211,1
DA:212,1038
DA:213,1038
DA:214,1038
DA:215,10380
DA:216,1458
DA:217,1458
DA:218,1458
DA:219,10380
DA:220,1038
DA:221,1
DA:222,1
DA:223,1786
DA:224,1786
DA:225,1786
DA:226,1786
DA:227,1786
DA:228,1786
DA:229,1786
DA:230,1786
DA:231,455
DA:232,455
DA:233,1786
DA:234,1786
DA:235,1786
DA:236,1
DA:237,1
DA:238,586
DA:239,2996
DA:240,539
DA:241,539
DA:242,2996
DA:243,47
DA:244,1
DA:245,1
DA:246,1
DA:247,1
DA:248,1
DA:249,1
DA:250,1
DA:251,1
DA:252,1
DA:253,1
DA:254,1
DA:255,1
DA:256,1
DA:257,1
DA:258,1
DA:259,1
DA:260,1
DA:261,1
DA:262,1
DA:263,1
DA:264,1
DA:265,1
DA:266,0
DA:267,0
DA:268,0
DA:269,0
DA:270,0
DA:271,0
DA:272,0
DA:273,1
DA:274,1
DA:275,1
DA:276,1
LF:276
LH:198
BRDA:1,0,0,1
BRDA:1,1,0,1
BRDA:4,2,0,1
BRDA:5,3,0,1
BRDA:15,4,0,2
BRDA:16,5,0,0
BRDA:19,6,0,1
BRDA:22,7,0,0
BRDA:92,8,0,1
BRDA:154,9,0,1038
BRDA:157,10,0,6
BRDA:162,11,0,291
BRDA:165,12,0,163
BRDA:168,13,0,584
BRDA:168,14,0,46
BRDA:171,15,0,538
BRDA:172,16,0,1032
BRDA:188,17,0,218
BRDA:190,18,0,487
BRDA:191,19,0,313
BRDA:197,20,0,320
BRDA:200,21,0,545
BRDA:201,22,0,393
BRDA:211,23,0,1038
BRDA:214,24,0,10380
BRDA:215,25,0,1458
BRDA:222,26,0,1786
BRDA:223,27,0,744
BRDA:223,28,0,245
BRDA:223,29,0,1783
BRDA:224,30,0,688
BRDA:224,31,0,208
BRDA:224,32,0,1741
BRDA:225,33,0,994
BRDA:225,34,0,355
BRDA:225,35,0,1679
BRDA:226,36,0,717
BRDA:226,37,0,195
BRDA:226,38,0,1677
BRDA:227,39,0,699
BRDA:227,40,0,201
BRDA:227,41,0,1639
BRDA:228,42,0,923
BRDA:228,43,0,317
BRDA:228,44,0,1582
BRDA:229,45,0,687
BRDA:229,46,0,364
BRDA:229,47,0,1474
BRDA:230,48,0,866
BRDA:230,49,0,165
BRDA:230,50,0,455
BRDA:237,51,0,586
BRDA:238,52,0,2996
BRDA:239,53,0,539
BRDA:243,54,0,47
BRF:55
BRH:53
end_of_record
